<?xml version="1.0" encoding="UTF-8"?>
<!-- Generated by org.testng.reporters.JUnitXMLReporter -->
<testsuite ignored="0" hostname="DESKTOP-3DF9MPT" failures="0" tests="4" name="Test" time="171.634" errors="0" timestamp="2024-03-06T11:34:56 IST">
  <testcase classname="entrata.WatchDemo" name="Watchdemo" time="41.532"/>
  <testcase classname="entrata.Sign_in" name="SignIn" time="40.076"/>
  <testcase classname="entrata.Resources" name="productdropdown" time="25.132"/>
  <testcase classname="entrata.baseCamp" name="basecamp" time="64.859"/>
</testsuite> <!-- Test -->
